<?xml version="1.0" encoding="UTF-8"?>
<!-- Generated by org.testng.reporters.JUnitXMLReporter -->
<testsuite hostname="Siva" ignored="0" name="book-flight-2" tests="5" failures="0" timestamp="12 Jul 2020 14:11:20 GMT" time="13.656" errors="0">
  <testcase name="registrationPage" time="5.722" classname="com.newtours.tests.BookFlightTest"/>
  <testcase name="registrationConfirmationPage" time="1.219" classname="com.newtours.tests.BookFlightTest"/>
  <testcase name="flightDetailsPage" time="1.34" classname="com.newtours.tests.BookFlightTest"/>
  <testcase name="findFlightPage" time="3.052" classname="com.newtours.tests.BookFlightTest"/>
  <testcase name="flightConfirmationPage" time="1.534" classname="com.newtours.tests.BookFlightTest"/>
</testsuite> <!-- book-flight-2 -->
