<?xml version="1.0" encoding="UTF-8"?>
<!-- Generated by org.testng.reporters.JUnitXMLReporter -->
<testsuite hostname="Siva" ignored="0" name="book-flight-4" tests="5" failures="0" timestamp="12 Jul 2020 13:56:30 GMT" time="14.822" errors="0">
  <testcase name="registrationPage" time="6.462" classname="com.newtours.tests.BookFlightTest"/>
  <testcase name="registrationConfirmationPage" time="1.006" classname="com.newtours.tests.BookFlightTest"/>
  <testcase name="flightDetailsPage" time="1.369" classname="com.newtours.tests.BookFlightTest"/>
  <testcase name="findFlightPage" time="3.145" classname="com.newtours.tests.BookFlightTest"/>
  <testcase name="flightConfirmationPage" time="1.594" classname="com.newtours.tests.BookFlightTest"/>
</testsuite> <!-- book-flight-4 -->
