<?xml version="1.0" encoding="UTF-8"?>
<!-- Generated by org.testng.reporters.JUnitXMLReporter -->
<testsuite hostname="Siva" ignored="0" name="book-flight-1" tests="5" failures="0" timestamp="12 Jul 2020 14:11:06 GMT" time="15.502" errors="0">
  <testcase name="registrationPage" time="6.178" classname="com.newtours.tests.BookFlightTest"/>
  <testcase name="registrationConfirmationPage" time="1.127" classname="com.newtours.tests.BookFlightTest"/>
  <testcase name="flightDetailsPage" time="1.694" classname="com.newtours.tests.BookFlightTest"/>
  <testcase name="findFlightPage" time="2.929" classname="com.newtours.tests.BookFlightTest"/>
  <testcase name="flightConfirmationPage" time="1.732" classname="com.newtours.tests.BookFlightTest"/>
</testsuite> <!-- book-flight-1 -->
