<?xml version="1.0" encoding="UTF-8"?>
<testng-results skipped="0" failed="0" ignored="0" total="20" passed="20">
  <reporter-output>
  </reporter-output>
  <suite name="Suite" duration-ms="67607" started-at="2020-07-12T13:55:22Z" finished-at="2020-07-12T13:56:30Z">
    <groups>
    </groups>
    <test name="book-flight-1" duration-ms="22284" started-at="2020-07-12T13:55:22Z" finished-at="2020-07-12T13:55:45Z">
      <class name="com.newtours.tests.BookFlightTest">
        <test-method status="PASS" signature="setupDriver(org.testng.ITestContext)[pri:0, instance:com.newtours.tests.BookFlightTest@4b168fa9]" name="setupDriver" is-config="true" duration-ms="6325" started-at="2020-07-12T13:55:22Z" finished-at="2020-07-12T13:55:29Z">
          <params>
            <param index="0">
              <value>
                <![CDATA[org.testng.TestRunner@720653c2]]>
              </value>
            </param>
          </params>
          <reporter-output>
          </reporter-output>
        </test-method> <!-- setupDriver -->
        <test-method status="PASS" signature="setupParameters(java.lang.String, java.lang.String)[pri:0, instance:com.newtours.tests.BookFlightTest@4b168fa9]" name="setupParameters" is-config="true" duration-ms="4" started-at="2020-07-12T13:55:29Z" depends-on-methods="com.newtours.baseclass.BaseTest.setupDriver" finished-at="2020-07-12T13:55:29Z">
          <params>
            <param index="0">
              <value>
                <![CDATA[1]]>
              </value>
            </param>
            <param index="1">
              <value>
                <![CDATA[$584 USD]]>
              </value>
            </param>
          </params>
          <reporter-output>
          </reporter-output>
        </test-method> <!-- setupParameters -->
        <test-method status="PASS" signature="registrationPage()[pri:0, instance:com.newtours.tests.BookFlightTest@4b168fa9]" name="registrationPage" duration-ms="7970" started-at="2020-07-12T13:55:29Z" finished-at="2020-07-12T13:55:37Z">
          <reporter-output>
          </reporter-output>
        </test-method> <!-- registrationPage -->
        <test-method status="PASS" signature="registrationConfirmationPage()[pri:0, instance:com.newtours.tests.BookFlightTest@4b168fa9]" name="registrationConfirmationPage" duration-ms="1086" started-at="2020-07-12T13:55:37Z" depends-on-methods="com.newtours.tests.BookFlightTest.registrationPage" finished-at="2020-07-12T13:55:38Z">
          <reporter-output>
          </reporter-output>
        </test-method> <!-- registrationConfirmationPage -->
        <test-method status="PASS" signature="flightDetailsPage()[pri:0, instance:com.newtours.tests.BookFlightTest@4b168fa9]" name="flightDetailsPage" duration-ms="1910" started-at="2020-07-12T13:55:38Z" depends-on-methods="com.newtours.tests.BookFlightTest.registrationConfirmationPage" finished-at="2020-07-12T13:55:40Z">
          <reporter-output>
          </reporter-output>
        </test-method> <!-- flightDetailsPage -->
        <test-method status="PASS" signature="findFlightPage()[pri:0, instance:com.newtours.tests.BookFlightTest@4b168fa9]" name="findFlightPage" duration-ms="3072" started-at="2020-07-12T13:55:40Z" depends-on-methods="com.newtours.tests.BookFlightTest.flightDetailsPage" finished-at="2020-07-12T13:55:43Z">
          <reporter-output>
          </reporter-output>
        </test-method> <!-- findFlightPage -->
        <test-method status="PASS" signature="flightConfirmationPage()[pri:0, instance:com.newtours.tests.BookFlightTest@4b168fa9]" name="flightConfirmationPage" duration-ms="1710" started-at="2020-07-12T13:55:43Z" depends-on-methods="com.newtours.tests.BookFlightTest.findFlightPage" finished-at="2020-07-12T13:55:45Z">
          <reporter-output>
          </reporter-output>
        </test-method> <!-- flightConfirmationPage -->
        <test-method status="PASS" signature="quitDriver()[pri:0, instance:com.newtours.tests.BookFlightTest@4b168fa9]" name="quitDriver" is-config="true" duration-ms="80" started-at="2020-07-12T13:55:45Z" finished-at="2020-07-12T13:55:45Z">
          <reporter-output>
          </reporter-output>
        </test-method> <!-- quitDriver -->
      </class> <!-- com.newtours.tests.BookFlightTest -->
    </test> <!-- book-flight-1 -->
    <test name="book-flight-2" duration-ms="15442" started-at="2020-07-12T13:55:45Z" finished-at="2020-07-12T13:56:00Z">
      <class name="com.newtours.tests.BookFlightTest">
        <test-method status="PASS" signature="setupDriver(org.testng.ITestContext)[pri:0, instance:com.newtours.tests.BookFlightTest@1a0dcaa]" name="setupDriver" is-config="true" duration-ms="1456" started-at="2020-07-12T13:55:45Z" finished-at="2020-07-12T13:55:46Z">
          <params>
            <param index="0">
              <value>
                <![CDATA[org.testng.TestRunner@45f24169]]>
              </value>
            </param>
          </params>
          <reporter-output>
          </reporter-output>
        </test-method> <!-- setupDriver -->
        <test-method status="PASS" signature="setupParameters(java.lang.String, java.lang.String)[pri:0, instance:com.newtours.tests.BookFlightTest@1a0dcaa]" name="setupParameters" is-config="true" duration-ms="1" started-at="2020-07-12T13:55:46Z" depends-on-methods="com.newtours.baseclass.BaseTest.setupDriver" finished-at="2020-07-12T13:55:46Z">
          <params>
            <param index="0">
              <value>
                <![CDATA[2]]>
              </value>
            </param>
            <param index="1">
              <value>
                <![CDATA[$1169 USD]]>
              </value>
            </param>
          </params>
          <reporter-output>
          </reporter-output>
        </test-method> <!-- setupParameters -->
        <test-method status="PASS" signature="registrationPage()[pri:0, instance:com.newtours.tests.BookFlightTest@1a0dcaa]" name="registrationPage" duration-ms="6072" started-at="2020-07-12T13:55:46Z" finished-at="2020-07-12T13:55:53Z">
          <reporter-output>
          </reporter-output>
        </test-method> <!-- registrationPage -->
        <test-method status="PASS" signature="registrationConfirmationPage()[pri:0, instance:com.newtours.tests.BookFlightTest@1a0dcaa]" name="registrationConfirmationPage" duration-ms="1305" started-at="2020-07-12T13:55:53Z" depends-on-methods="com.newtours.tests.BookFlightTest.registrationPage" finished-at="2020-07-12T13:55:54Z">
          <reporter-output>
          </reporter-output>
        </test-method> <!-- registrationConfirmationPage -->
        <test-method status="PASS" signature="flightDetailsPage()[pri:0, instance:com.newtours.tests.BookFlightTest@1a0dcaa]" name="flightDetailsPage" duration-ms="1573" started-at="2020-07-12T13:55:54Z" depends-on-methods="com.newtours.tests.BookFlightTest.registrationConfirmationPage" finished-at="2020-07-12T13:55:55Z">
          <reporter-output>
          </reporter-output>
        </test-method> <!-- flightDetailsPage -->
        <test-method status="PASS" signature="findFlightPage()[pri:0, instance:com.newtours.tests.BookFlightTest@1a0dcaa]" name="findFlightPage" duration-ms="3025" started-at="2020-07-12T13:55:55Z" depends-on-methods="com.newtours.tests.BookFlightTest.flightDetailsPage" finished-at="2020-07-12T13:55:58Z">
          <reporter-output>
          </reporter-output>
        </test-method> <!-- findFlightPage -->
        <test-method status="PASS" signature="flightConfirmationPage()[pri:0, instance:com.newtours.tests.BookFlightTest@1a0dcaa]" name="flightConfirmationPage" duration-ms="1899" started-at="2020-07-12T13:55:58Z" depends-on-methods="com.newtours.tests.BookFlightTest.findFlightPage" finished-at="2020-07-12T13:56:00Z">
          <reporter-output>
          </reporter-output>
        </test-method> <!-- flightConfirmationPage -->
        <test-method status="PASS" signature="quitDriver()[pri:0, instance:com.newtours.tests.BookFlightTest@1a0dcaa]" name="quitDriver" is-config="true" duration-ms="95" started-at="2020-07-12T13:56:00Z" finished-at="2020-07-12T13:56:00Z">
          <reporter-output>
          </reporter-output>
        </test-method> <!-- quitDriver -->
      </class> <!-- com.newtours.tests.BookFlightTest -->
    </test> <!-- book-flight-2 -->
    <test name="book-flight-3" duration-ms="14366" started-at="2020-07-12T13:56:01Z" finished-at="2020-07-12T13:56:15Z">
      <class name="com.newtours.tests.BookFlightTest">
        <test-method status="PASS" signature="setupDriver(org.testng.ITestContext)[pri:0, instance:com.newtours.tests.BookFlightTest@79ca92b9]" name="setupDriver" is-config="true" duration-ms="1037" started-at="2020-07-12T13:56:01Z" finished-at="2020-07-12T13:56:02Z">
          <params>
            <param index="0">
              <value>
                <![CDATA[org.testng.TestRunner@6ad5923a]]>
              </value>
            </param>
          </params>
          <reporter-output>
          </reporter-output>
        </test-method> <!-- setupDriver -->
        <test-method status="PASS" signature="setupParameters(java.lang.String, java.lang.String)[pri:0, instance:com.newtours.tests.BookFlightTest@79ca92b9]" name="setupParameters" is-config="true" duration-ms="1" started-at="2020-07-12T13:56:02Z" depends-on-methods="com.newtours.baseclass.BaseTest.setupDriver" finished-at="2020-07-12T13:56:02Z">
          <params>
            <param index="0">
              <value>
                <![CDATA[3]]>
              </value>
            </param>
            <param index="1">
              <value>
                <![CDATA[$1753 USD]]>
              </value>
            </param>
          </params>
          <reporter-output>
          </reporter-output>
        </test-method> <!-- setupParameters -->
        <test-method status="PASS" signature="registrationPage()[pri:0, instance:com.newtours.tests.BookFlightTest@79ca92b9]" name="registrationPage" duration-ms="5812" started-at="2020-07-12T13:56:02Z" finished-at="2020-07-12T13:56:07Z">
          <reporter-output>
          </reporter-output>
        </test-method> <!-- registrationPage -->
        <test-method status="PASS" signature="registrationConfirmationPage()[pri:0, instance:com.newtours.tests.BookFlightTest@79ca92b9]" name="registrationConfirmationPage" duration-ms="982" started-at="2020-07-12T13:56:07Z" depends-on-methods="com.newtours.tests.BookFlightTest.registrationPage" finished-at="2020-07-12T13:56:08Z">
          <reporter-output>
          </reporter-output>
        </test-method> <!-- registrationConfirmationPage -->
        <test-method status="PASS" signature="flightDetailsPage()[pri:0, instance:com.newtours.tests.BookFlightTest@79ca92b9]" name="flightDetailsPage" duration-ms="1536" started-at="2020-07-12T13:56:08Z" depends-on-methods="com.newtours.tests.BookFlightTest.registrationConfirmationPage" finished-at="2020-07-12T13:56:10Z">
          <reporter-output>
          </reporter-output>
        </test-method> <!-- flightDetailsPage -->
        <test-method status="PASS" signature="findFlightPage()[pri:0, instance:com.newtours.tests.BookFlightTest@79ca92b9]" name="findFlightPage" duration-ms="2943" started-at="2020-07-12T13:56:10Z" depends-on-methods="com.newtours.tests.BookFlightTest.flightDetailsPage" finished-at="2020-07-12T13:56:13Z">
          <reporter-output>
          </reporter-output>
        </test-method> <!-- findFlightPage -->
        <test-method status="PASS" signature="flightConfirmationPage()[pri:0, instance:com.newtours.tests.BookFlightTest@79ca92b9]" name="flightConfirmationPage" duration-ms="1950" started-at="2020-07-12T13:56:13Z" depends-on-methods="com.newtours.tests.BookFlightTest.findFlightPage" finished-at="2020-07-12T13:56:15Z">
          <reporter-output>
          </reporter-output>
        </test-method> <!-- flightConfirmationPage -->
        <test-method status="PASS" signature="quitDriver()[pri:0, instance:com.newtours.tests.BookFlightTest@79ca92b9]" name="quitDriver" is-config="true" duration-ms="89" started-at="2020-07-12T13:56:15Z" finished-at="2020-07-12T13:56:15Z">
          <reporter-output>
          </reporter-output>
        </test-method> <!-- quitDriver -->
      </class> <!-- com.newtours.tests.BookFlightTest -->
    </test> <!-- book-flight-3 -->
    <test name="book-flight-4" duration-ms="14822" started-at="2020-07-12T13:56:15Z" finished-at="2020-07-12T13:56:30Z">
      <class name="com.newtours.tests.BookFlightTest">
        <test-method status="PASS" signature="setupDriver(org.testng.ITestContext)[pri:0, instance:com.newtours.tests.BookFlightTest@add0edd]" name="setupDriver" is-config="true" duration-ms="1151" started-at="2020-07-12T13:56:15Z" finished-at="2020-07-12T13:56:16Z">
          <params>
            <param index="0">
              <value>
                <![CDATA[org.testng.TestRunner@4463d9d3]]>
              </value>
            </param>
          </params>
          <reporter-output>
          </reporter-output>
        </test-method> <!-- setupDriver -->
        <test-method status="PASS" signature="setupParameters(java.lang.String, java.lang.String)[pri:0, instance:com.newtours.tests.BookFlightTest@add0edd]" name="setupParameters" is-config="true" duration-ms="0" started-at="2020-07-12T13:56:16Z" depends-on-methods="com.newtours.baseclass.BaseTest.setupDriver" finished-at="2020-07-12T13:56:16Z">
          <params>
            <param index="0">
              <value>
                <![CDATA[4]]>
              </value>
            </param>
            <param index="1">
              <value>
                <![CDATA[$2338 USD]]>
              </value>
            </param>
          </params>
          <reporter-output>
          </reporter-output>
        </test-method> <!-- setupParameters -->
        <test-method status="PASS" signature="registrationPage()[pri:0, instance:com.newtours.tests.BookFlightTest@add0edd]" name="registrationPage" duration-ms="6462" started-at="2020-07-12T13:56:16Z" finished-at="2020-07-12T13:56:23Z">
          <reporter-output>
          </reporter-output>
        </test-method> <!-- registrationPage -->
        <test-method status="PASS" signature="registrationConfirmationPage()[pri:0, instance:com.newtours.tests.BookFlightTest@add0edd]" name="registrationConfirmationPage" duration-ms="1006" started-at="2020-07-12T13:56:23Z" depends-on-methods="com.newtours.tests.BookFlightTest.registrationPage" finished-at="2020-07-12T13:56:24Z">
          <reporter-output>
          </reporter-output>
        </test-method> <!-- registrationConfirmationPage -->
        <test-method status="PASS" signature="flightDetailsPage()[pri:0, instance:com.newtours.tests.BookFlightTest@add0edd]" name="flightDetailsPage" duration-ms="1369" started-at="2020-07-12T13:56:24Z" depends-on-methods="com.newtours.tests.BookFlightTest.registrationConfirmationPage" finished-at="2020-07-12T13:56:25Z">
          <reporter-output>
          </reporter-output>
        </test-method> <!-- flightDetailsPage -->
        <test-method status="PASS" signature="findFlightPage()[pri:0, instance:com.newtours.tests.BookFlightTest@add0edd]" name="findFlightPage" duration-ms="3145" started-at="2020-07-12T13:56:25Z" depends-on-methods="com.newtours.tests.BookFlightTest.flightDetailsPage" finished-at="2020-07-12T13:56:28Z">
          <reporter-output>
          </reporter-output>
        </test-method> <!-- findFlightPage -->
        <test-method status="PASS" signature="flightConfirmationPage()[pri:0, instance:com.newtours.tests.BookFlightTest@add0edd]" name="flightConfirmationPage" duration-ms="1594" started-at="2020-07-12T13:56:28Z" depends-on-methods="com.newtours.tests.BookFlightTest.findFlightPage" finished-at="2020-07-12T13:56:30Z">
          <reporter-output>
          </reporter-output>
        </test-method> <!-- flightConfirmationPage -->
        <test-method status="PASS" signature="quitDriver()[pri:0, instance:com.newtours.tests.BookFlightTest@add0edd]" name="quitDriver" is-config="true" duration-ms="79" started-at="2020-07-12T13:56:30Z" finished-at="2020-07-12T13:56:30Z">
          <reporter-output>
          </reporter-output>
        </test-method> <!-- quitDriver -->
      </class> <!-- com.newtours.tests.BookFlightTest -->
    </test> <!-- book-flight-4 -->
  </suite> <!-- Suite -->
</testng-results>
