<?xml version="1.0" encoding="UTF-8"?>
<!-- Generated by org.testng.reporters.JUnitXMLReporter -->
<testsuite ignored="0" hostname="LAPTOP-CRB8G86E" failures="0" tests="19" name="book-flight-4" time="55.897" errors="0" timestamp="2020-07-08T07:18:14 IST">
  <testcase classname="com.newtours.tests.BookFlightTest" name="registrationPage" time="11.833"/>
  <testcase classname="com.newtours.tests.BookFlightTest" name="registrationPage" time="11.041"/>
  <testcase classname="com.newtours.tests.BookFlightTest" name="registrationPage" time="12.398"/>
  <testcase classname="com.newtours.tests.BookFlightTest" name="registrationPage" time="8.318"/>
  <testcase classname="com.newtours.tests.BookFlightTest" name="registrationConfirmationPage" time="1.884"/>
  <testcase classname="com.newtours.tests.BookFlightTest" name="registrationConfirmationPage" time="1.658"/>
  <testcase classname="com.newtours.tests.BookFlightTest" name="registrationConfirmationPage" time="1.699"/>
  <testcase classname="com.newtours.tests.BookFlightTest" name="registrationConfirmationPage" time="1.9"/>
  <testcase classname="com.newtours.tests.BookFlightTest" name="flightDetailsPage" time="2.6"/>
  <testcase classname="com.newtours.tests.BookFlightTest" name="flightDetailsPage" time="2.794"/>
  <testcase classname="com.newtours.tests.BookFlightTest" name="flightDetailsPage" time="3.475"/>
  <testcase classname="com.newtours.tests.BookFlightTest" name="flightDetailsPage" time="2.559"/>
  <testcase classname="com.newtours.tests.BookFlightTest" name="findFlightPage" time="4.204"/>
  <testcase classname="com.newtours.tests.BookFlightTest" name="findFlightPage" time="4.046"/>
  <testcase classname="com.newtours.tests.BookFlightTest" name="findFlightPage" time="4.174"/>
  <testcase classname="com.newtours.tests.BookFlightTest" name="findFlightPage" time="4.654"/>
  <testcase classname="com.newtours.tests.BookFlightTest" name="flightConfirmationPage" time="6.123"/>
  <testcase classname="com.newtours.tests.BookFlightTest" name="flightConfirmationPage" time="6.455"/>
  <testcase classname="com.newtours.tests.BookFlightTest" name="flightConfirmationPage" time="6.402"/>
  <testcase classname="com.newtours.tests.BookFlightTest" name="flightConfirmationPage" time="6.904"/>
</testsuite> <!-- book-flight-4 -->
